<?xml version="1.0" encoding="UTF-8"?>
<!-- Generated by org.testng.reporters.JUnitReportReporter -->
<testsuite hostname="basu.local" failures="0" tests="4" name="cucuOptions.TestNgRunner" time="0.106" errors="0" timestamp="2024-09-15T13:16:28 IST" skipped="0">
  <testcase classname="cucuOptions.TestNgRunner" name="runScenario" time="0.007"/>
  <testcase classname="cucuOptions.TestNgRunner" name="runScenario" time="0.006"/>
  <testcase classname="cucuOptions.TestNgRunner" name="runScenario" time="0.087"/>
  <testcase classname="cucuOptions.TestNgRunner" name="runScenario" time="0.006"/>
</testsuite> <!-- cucuOptions.TestNgRunner -->
